<?xml version="1.0" encoding="UTF-8"?>
<testng-results skipped="0" failed="0" ignored="0" total="1" passed="1">
  <reporter-output>
  </reporter-output>
  <suite name="Suite" duration-ms="18445" started-at="2019-04-25T11:10:07Z" finished-at="2019-04-25T11:10:26Z">
    <groups>
    </groups>
    <test name="Test" duration-ms="18445" started-at="2019-04-25T11:10:07Z" finished-at="2019-04-25T11:10:26Z">
      <class name="com.jen.Demo1">
        <test-method status="PASS" signature="baseopp()[pri:0, instance:com.jen.Demo1@7dc7cbad]" name="baseopp" is-config="true" duration-ms="15263" started-at="2019-04-25T11:10:07Z" finished-at="2019-04-25T11:10:22Z">
          <reporter-output>
          </reporter-output>
        </test-method> <!-- baseopp -->
        <test-method status="PASS" signature="testcase1()[pri:0, instance:com.jen.Demo1@7dc7cbad]" name="testcase1" duration-ms="855" started-at="2019-04-25T11:10:22Z" finished-at="2019-04-25T11:10:23Z">
          <reporter-output>
          </reporter-output>
        </test-method> <!-- testcase1 -->
        <test-method status="PASS" signature="tearDown()[pri:0, instance:com.jen.Demo1@7dc7cbad]" name="tearDown" is-config="true" duration-ms="2296" started-at="2019-04-25T11:10:23Z" finished-at="2019-04-25T11:10:26Z">
          <reporter-output>
          </reporter-output>
        </test-method> <!-- tearDown -->
      </class> <!-- com.jen.Demo1 -->
    </test> <!-- Test -->
  </suite> <!-- Suite -->
</testng-results>
