<?xml version="1.0" encoding="UTF-8"?>
<testng-results skipped="0" failed="0" ignored="0" total="1" passed="1">
  <reporter-output>
  </reporter-output>
  <suite name="Default suite" duration-ms="19576" started-at="2019-04-25T12:09:19Z" finished-at="2019-04-25T12:09:38Z">
    <groups>
    </groups>
    <test name="Default test" duration-ms="19576" started-at="2019-04-25T12:09:19Z" finished-at="2019-04-25T12:09:38Z">
      <class name="com.jen.Demo1">
        <test-method status="PASS" signature="baseopp()[pri:0, instance:com.jen.Demo1@1f7030a6]" name="baseopp" is-config="true" duration-ms="15218" started-at="2019-04-25T12:09:19Z" finished-at="2019-04-25T12:09:34Z">
          <reporter-output>
          </reporter-output>
        </test-method> <!-- baseopp -->
        <test-method status="PASS" signature="testcase1()[pri:0, instance:com.jen.Demo1@1f7030a6]" name="testcase1" duration-ms="1465" started-at="2019-04-25T12:09:34Z" finished-at="2019-04-25T12:09:35Z">
          <reporter-output>
          </reporter-output>
        </test-method> <!-- testcase1 -->
        <test-method status="PASS" signature="tearDown()[pri:0, instance:com.jen.Demo1@1f7030a6]" name="tearDown" is-config="true" duration-ms="2817" started-at="2019-04-25T12:09:35Z" finished-at="2019-04-25T12:09:38Z">
          <reporter-output>
          </reporter-output>
        </test-method> <!-- tearDown -->
      </class> <!-- com.jen.Demo1 -->
    </test> <!-- Default test -->
  </suite> <!-- Default suite -->
</testng-results>
